08:56 || Information ||  || Starting web host. ||  ||end 
09:25 || Information ||  || Starting web host. ||  ||end 
09:27 || Information ||  || Starting web host. ||  ||end 
09:28 || Information ||  || Starting web host. ||  ||end 
09:53 || Information ||  || Starting web host. ||  ||end 
10:29 || Information ||  || Starting web host. ||  ||end 
10:34 || Information ||  || Starting web host. ||  ||end 
10:48 || Information ||  || Starting web host. ||  ||end 
16:47 || Information ||  || Starting web host. ||  ||end 
16:47 || Fatal ||  || Host terminated unexpectedly! || System.IO.FileNotFoundException: Could not load file or assembly 'Microsoft.Extensions.DependencyInjection.Abstractions, Version=3.1.2.0, Culture=neutral, PublicKeyToken=adb9793829ddae60'. 系统找不到指定的文件。
File name: 'Microsoft.Extensions.DependencyInjection.Abstractions, Version=3.1.2.0, Culture=neutral, PublicKeyToken=adb9793829ddae60'
   at MCSoft.Infrastructure.MCSoftInfrastructureModule.ConfigureServices(ServiceConfigurationContext context)
   at Volo.Abp.Modularity.ModuleLoader.ConfigureServices(List`1 modules, IServiceCollection services)
   at Volo.Abp.Modularity.ModuleLoader.LoadModules(IServiceCollection services, Type startupModuleType, PlugInSourceList plugInSources)
   at Volo.Abp.AbpApplicationBase.LoadModules(IServiceCollection services, AbpApplicationCreationOptions options)
   at Volo.Abp.AbpApplicationBase..ctor(Type startupModuleType, IServiceCollection services, Action`1 optionsAction)
   at Volo.Abp.AbpApplicationWithExternalServiceProvider..ctor(Type startupModuleType, IServiceCollection services, Action`1 optionsAction)
   at Volo.Abp.AbpApplicationFactory.Create(Type startupModuleType, IServiceCollection services, Action`1 optionsAction)
   at Volo.Abp.AbpApplicationFactory.Create[TStartupModule](IServiceCollection services, Action`1 optionsAction)
   at Microsoft.Extensions.DependencyInjection.ServiceCollectionApplicationExtensions.AddApplication[TStartupModule](IServiceCollection services, Action`1 optionsAction)
   at MCSoft.Startup.ConfigureServices(IServiceCollection services) in E:\AWrok\MCSoft\MCSoft\MCSoft\Startup.cs:line 46
   at System.RuntimeMethodHandle.InvokeMethod(Object target, Object[] arguments, Signature sig, Boolean constructor, Boolean wrapExceptions)
   at System.Reflection.RuntimeMethodInfo.Invoke(Object obj, BindingFlags invokeAttr, Binder binder, Object[] parameters, CultureInfo culture)
   at Microsoft.AspNetCore.Hosting.ConfigureServicesBuilder.InvokeCore(Object instance, IServiceCollection services)
   at Microsoft.AspNetCore.Hosting.ConfigureServicesBuilder.<>c__DisplayClass9_0.<Invoke>g__Startup|0(IServiceCollection serviceCollection)
   at Microsoft.AspNetCore.Hosting.ConfigureServicesBuilder.Invoke(Object instance, IServiceCollection services)
   at Microsoft.AspNetCore.Hosting.ConfigureServicesBuilder.<>c__DisplayClass8_0.<Build>b__0(IServiceCollection services)
   at Microsoft.AspNetCore.Hosting.GenericWebHostBuilder.UseStartup(Type startupType, HostBuilderContext context, IServiceCollection services)
   at Microsoft.AspNetCore.Hosting.GenericWebHostBuilder.<>c__DisplayClass12_0.<UseStartup>b__0(HostBuilderContext context, IServiceCollection services)
   at Microsoft.Extensions.Hosting.HostBuilder.CreateServiceProvider()
   at Microsoft.Extensions.Hosting.HostBuilder.Build()
   at MCSoft.Program.Main(String[] args) in E:\AWrok\MCSoft\MCSoft\MCSoft\Program.cs:line 32


 ||end 
16:48 || Information ||  || Starting web host. ||  ||end 
